Arguments: 
  /usr/local/Cellar/node/16.0.0_1/bin/node /usr/local/Cellar/yarn/1.22.10/libexec/bin/yarn.js add nelify-identity-widget

PATH: 
  /Users/namnguyen/.rbenv/shims:/Users/namnguyen/.fzf/bin:/Users/namnguyen/.composer/vendor/bin:/Users/namnguyen/.local/bin:/Users/namnguyen/Documents/Programming/bin:/usr/local/bin:/Users/namnguyen/bin:/usr/bin:/bin:/usr/sbin:/sbin:/Library/Apple/usr/bin:/Applications/VMware Fusion.app/Contents/Public:/usr/local/share/dotnet:~/.dotnet/tools:/Library/Frameworks/Mono.framework/Versions/Current/Commands:/Applications/Xamarin Workbooks.app/Contents/SharedSupport/path-bin:/Users/namnguyen/.rbenv/shims

Yarn version: 
  1.22.10

Node version: 
  16.0.0

Platform: 
  darwin x64

Trace: 
  Error: https://registry.yarnpkg.com/nelify-identity-widget: Not found
      at Request.params.callback [as _callback] (/usr/local/Cellar/yarn/1.22.10/libexec/lib/cli.js:66988:18)
      at Request.self.callback (/usr/local/Cellar/yarn/1.22.10/libexec/lib/cli.js:140749:22)
      at Request.emit (node:events:365:28)
      at Request.<anonymous> (/usr/local/Cellar/yarn/1.22.10/libexec/lib/cli.js:141721:10)
      at Request.emit (node:events:365:28)
      at IncomingMessage.<anonymous> (/usr/local/Cellar/yarn/1.22.10/libexec/lib/cli.js:141643:12)
      at Object.onceWrapper (node:events:471:28)
      at IncomingMessage.emit (node:events:377:35)
      at endReadableNT (node:internal/streams/readable:1312:12)
      at processTicksAndRejections (node:internal/process/task_queues:83:21)

npm manifest: 
  No manifest

yarn manifest: 
  No manifest

Lockfile: 
  No lockfile
